<?xml version="1.0" encoding="UTF-8"?>
<testsuite name="com.github.austinmckinley.CardValidationApplicationTests" tests="0" skipped="0" failures="0" errors="0" timestamp="1970-01-01T00:00:00" hostname="Austins-MacBook-Pro.local" time="0.0">
  <properties/>
  <system-out><![CDATA[16:24:01.136 [Test worker] DEBUG org.springframework.test.context.junit4.SpringJUnit4ClassRunner - SpringJUnit4ClassRunner constructor called with [class com.github.austinmckinley.CardValidationApplicationTests]
16:24:01.141 [Test worker] DEBUG org.springframework.test.context.BootstrapUtils - Instantiating CacheAwareContextLoaderDelegate from class [org.springframework.test.context.cache.DefaultCacheAwareContextLoaderDelegate]
16:24:01.147 [Test worker] DEBUG org.springframework.test.context.BootstrapUtils - Instantiating BootstrapContext using constructor [public org.springframework.test.context.support.DefaultBootstrapContext(java.lang.Class,org.springframework.test.context.CacheAwareContextLoaderDelegate)]
16:24:01.160 [Test worker] DEBUG org.springframework.test.context.BootstrapUtils - Instantiating TestContextBootstrapper for test class [com.github.austinmckinley.CardValidationApplicationTests] from class [org.springframework.boot.test.context.SpringBootTestContextBootstrapper]
16:24:01.170 [Test worker] INFO org.springframework.boot.test.context.SpringBootTestContextBootstrapper - Neither @ContextConfiguration nor @ContextHierarchy found for test class [com.github.austinmckinley.CardValidationApplicationTests], using SpringBootContextLoader
16:24:01.173 [Test worker] DEBUG org.springframework.test.context.support.AbstractContextLoader - Did not detect default resource location for test class [com.github.austinmckinley.CardValidationApplicationTests]: class path resource [com/github/austinmckinley/CardValidationApplicationTests-context.xml] does not exist
16:24:01.174 [Test worker] DEBUG org.springframework.test.context.support.AbstractContextLoader - Did not detect default resource location for test class [com.github.austinmckinley.CardValidationApplicationTests]: class path resource [com/github/austinmckinley/CardValidationApplicationTestsContext.groovy] does not exist
16:24:01.174 [Test worker] INFO org.springframework.test.context.support.AbstractContextLoader - Could not detect default resource locations for test class [com.github.austinmckinley.CardValidationApplicationTests]: no resource found for suffixes {-context.xml, Context.groovy}.
16:24:01.174 [Test worker] INFO org.springframework.test.context.support.AnnotationConfigContextLoaderUtils - Could not detect default configuration classes for test class [com.github.austinmckinley.CardValidationApplicationTests]: CardValidationApplicationTests does not declare any static, non-private, non-final, nested classes annotated with @Configuration.
16:24:01.205 [Test worker] DEBUG org.springframework.test.context.support.ActiveProfilesUtils - Could not find an 'annotation declaring class' for annotation type [org.springframework.test.context.ActiveProfiles] and class [com.github.austinmckinley.CardValidationApplicationTests]
16:24:01.212 [Test worker] DEBUG org.springframework.core.env.StandardEnvironment - Adding [systemProperties] PropertySource with lowest search precedence
16:24:01.213 [Test worker] DEBUG org.springframework.core.env.StandardEnvironment - Adding [systemEnvironment] PropertySource with lowest search precedence
16:24:01.213 [Test worker] DEBUG org.springframework.core.env.StandardEnvironment - Initialized StandardEnvironment with PropertySources [systemProperties,systemEnvironment]
16:24:01.224 [Test worker] DEBUG org.springframework.core.io.support.PathMatchingResourcePatternResolver - Resolved classpath location [com/github/austinmckinley/] to resources [URL [file:/Users/austin/workspace/CodingContest/build/classes/test/com/github/austinmckinley/], URL [file:/Users/austin/workspace/CodingContest/build/classes/main/com/github/austinmckinley/]]
16:24:01.224 [Test worker] DEBUG org.springframework.core.io.support.PathMatchingResourcePatternResolver - Looking for matching resources in directory tree [/Users/austin/workspace/CodingContest/build/classes/test/com/github/austinmckinley]
16:24:01.225 [Test worker] DEBUG org.springframework.core.io.support.PathMatchingResourcePatternResolver - Searching directory [/Users/austin/workspace/CodingContest/build/classes/test/com/github/austinmckinley] for files matching pattern [/Users/austin/workspace/CodingContest/build/classes/test/com/github/austinmckinley/*.class]
16:24:01.229 [Test worker] DEBUG org.springframework.core.io.support.PathMatchingResourcePatternResolver - Looking for matching resources in directory tree [/Users/austin/workspace/CodingContest/build/classes/main/com/github/austinmckinley]
16:24:01.229 [Test worker] DEBUG org.springframework.core.io.support.PathMatchingResourcePatternResolver - Searching directory [/Users/austin/workspace/CodingContest/build/classes/main/com/github/austinmckinley] for files matching pattern [/Users/austin/workspace/CodingContest/build/classes/main/com/github/austinmckinley/*.class]
16:24:01.230 [Test worker] DEBUG org.springframework.core.io.support.PathMatchingResourcePatternResolver - Resolved location pattern [classpath*:com/github/austinmckinley/*.class] to resources [file [/Users/austin/workspace/CodingContest/build/classes/test/com/github/austinmckinley/CardValidationApplicationTests.class], file [/Users/austin/workspace/CodingContest/build/classes/test/com/github/austinmckinley/CardValidationControllerTest.class], file [/Users/austin/workspace/CodingContest/build/classes/main/com/github/austinmckinley/CardRequest.class], file [/Users/austin/workspace/CodingContest/build/classes/main/com/github/austinmckinley/CardValidationApplication.class], file [/Users/austin/workspace/CodingContest/build/classes/main/com/github/austinmckinley/CardValidationController.class]]
16:24:01.294 [Test worker] DEBUG org.springframework.context.annotation.ClassPathScanningCandidateComponentProvider - Identified candidate component class: file [/Users/austin/workspace/CodingContest/build/classes/main/com/github/austinmckinley/CardValidationApplication.class]
16:24:01.303 [Test worker] INFO org.springframework.boot.test.context.SpringBootTestContextBootstrapper - Found @SpringBootConfiguration com.github.austinmckinley.CardValidationApplication for test class com.github.austinmckinley.CardValidationApplicationTests
16:24:01.308 [Test worker] DEBUG org.springframework.boot.test.context.SpringBootTestContextBootstrapper - @TestExecutionListeners is not present for class [com.github.austinmckinley.CardValidationApplicationTests]: using defaults.
16:24:01.315 [Test worker] INFO org.springframework.boot.test.context.SpringBootTestContextBootstrapper - Loaded default TestExecutionListener class names from location [META-INF/spring.factories]: [org.springframework.boot.test.mock.mockito.MockitoTestExecutionListener, org.springframework.boot.test.mock.mockito.ResetMocksTestExecutionListener, org.springframework.boot.test.autoconfigure.restdocs.RestDocsTestExecutionListener, org.springframework.boot.test.autoconfigure.web.client.MockRestServiceServerResetTestExecutionListener, org.springframework.boot.test.autoconfigure.web.servlet.MockMvcPrintOnlyOnFailureTestExecutionListener, org.springframework.boot.test.autoconfigure.web.servlet.WebDriverTestExecutionListener, org.springframework.test.context.web.ServletTestExecutionListener, org.springframework.test.context.support.DirtiesContextBeforeModesTestExecutionListener, org.springframework.test.context.support.DependencyInjectionTestExecutionListener, org.springframework.test.context.support.DirtiesContextTestExecutionListener, org.springframework.test.context.transaction.TransactionalTestExecutionListener, org.springframework.test.context.jdbc.SqlScriptsTestExecutionListener]
16:24:01.326 [Test worker] INFO org.springframework.boot.test.context.SpringBootTestContextBootstrapper - Could not instantiate TestExecutionListener [org.springframework.test.context.jdbc.SqlScriptsTestExecutionListener]. Specify custom listener classes or make the default listener classes (and their required dependencies) available. Offending class: [org/springframework/transaction/interceptor/TransactionAttribute]
16:24:01.328 [Test worker] INFO org.springframework.boot.test.context.SpringBootTestContextBootstrapper - Could not instantiate TestExecutionListener [org.springframework.test.context.transaction.TransactionalTestExecutionListener]. Specify custom listener classes or make the default listener classes (and their required dependencies) available. Offending class: [org/springframework/transaction/interceptor/TransactionAttributeSource]
16:24:01.328 [Test worker] INFO org.springframework.boot.test.context.SpringBootTestContextBootstrapper - Using TestExecutionListeners: [org.springframework.test.context.web.ServletTestExecutionListener@2493696, org.springframework.test.context.support.DirtiesContextBeforeModesTestExecutionListener@3169275d, org.springframework.boot.test.autoconfigure.SpringBootDependencyInjectionTestExecutionListener@74b7bc6e, org.springframework.test.context.support.DirtiesContextTestExecutionListener@17979fc1, org.springframework.boot.test.mock.mockito.ResetMocksTestExecutionListener@5c21f623, org.springframework.boot.test.autoconfigure.restdocs.RestDocsTestExecutionListener@240a7135, org.springframework.boot.test.autoconfigure.web.servlet.MockMvcPrintOnlyOnFailureTestExecutionListener@6d97fd16, org.springframework.boot.test.autoconfigure.web.client.MockRestServiceServerResetTestExecutionListener@46d50ef2, org.springframework.boot.test.autoconfigure.web.servlet.WebDriverTestExecutionListener@159678e5, org.springframework.boot.test.mock.mockito.MockitoTestExecutionListener@62e230bb]
16:24:01.338 [Test worker] DEBUG org.springframework.test.annotation.ProfileValueUtils - Retrieved @ProfileValueSourceConfiguration [null] for test class [com.github.austinmckinley.CardValidationApplicationTests]
16:24:01.338 [Test worker] DEBUG org.springframework.test.annotation.ProfileValueUtils - Retrieved ProfileValueSource type [class org.springframework.test.annotation.SystemProfileValueSource] for class [com.github.austinmckinley.CardValidationApplicationTests]
]]></system-out>
  <system-err><![CDATA[]]></system-err>
</testsuite>
